[16:18:54] [main/INFO]: Environment: authHost='https://authserver.mojang.com', accountsHost='https://api.mojang.com', sessionHost='https://sessionserver.mojang.com', name='PROD'
[16:18:55] [main/INFO]: Reloading ResourceManager: Default, bukkit
[16:18:55] [Worker-Main-4/INFO]: Loaded 7 recipes
[16:18:56] [Server thread/INFO]: Starting minecraft server version 1.16.3
[16:18:56] [Server thread/INFO]: Loading properties
[16:18:57] [Server thread/INFO]: This server is running Paper version git-Paper-246 (MC: 1.16.3) (Implementing API version 1.16.3-R0.1-SNAPSHOT)
[16:18:57] [Server thread/INFO]: Debug logging is disabled
[16:18:58] [Server thread/INFO]: Server Ping Player Sample Count: 12
[16:18:58] [Server thread/INFO]: Using 4 threads for Netty based IO
[16:18:58] [Server thread/INFO]: Default game type: SURVIVAL
[16:18:58] [Server thread/INFO]: Generating keypair
[16:18:59] [Server thread/INFO]: Starting Minecraft server on *:25565
[16:18:59] [Server thread/INFO]: Using default channel type
[16:19:01] [Server thread/WARN]: Initializing Legacy Material Support. Unless you have legacy plugins and/or data this is a bug!
[16:19:05] [Server thread/WARN]: Legacy plugin WorldBorder v1.8.7 does not specify an api-version.
[16:19:06] [Server thread/INFO]: [HardcorePlus] Loading HardcorePlus v1.0.0
[16:19:06] [Server thread/INFO]: [WorldBorder] Loading WorldBorder v1.8.7
[16:19:06] [Server thread/INFO]: Server permissions file permissions.yml is empty, ignoring it
[16:19:06] [Server thread/INFO]: Preparing level "world"
[16:19:06] [Server thread/INFO]: -------- World Settings For [world] --------
[16:19:06] [Server thread/INFO]: Entity Tracking Range: Pl 48 / An 48 / Mo 48 / Mi 32 / Other 64
[16:19:06] [Server thread/INFO]: Allow Zombie Pigmen to spawn from portal blocks: true
[16:19:06] [Server thread/INFO]: Item Merge Radius: 4.0
[16:19:06] [Server thread/INFO]: Item Despawn Rate: 2500
[16:19:06] [Server thread/INFO]: View Distance: 7
[16:19:06] [Server thread/INFO]: Arrow Despawn Rate: 1200 Trident Respawn Rate:1200
[16:19:06] [Server thread/INFO]: Zombie Aggressive Towards Villager: true
[16:19:06] [Server thread/INFO]: Nerfing mobs spawned from spawners: true
[16:19:06] [Server thread/INFO]: Mob Spawn Range: 6
[16:19:06] [Server thread/INFO]: Custom Map Seeds:  Village: 10387312 Desert: 14357617 Igloo: 14357618 Jungle: 14357619 Swamp: 14357620 Monument: 10387313 Ocean: 14357621 Shipwreck: 165745295 End City: 10387313 Slime: 987234911 Bastion: 30084232 Fortress: 30084232 Mansion: 10387319 Fossil: 14357921 Portal: 34222645
[16:19:06] [Server thread/INFO]: Cactus Growth Modifier: 100%
[16:19:06] [Server thread/INFO]: Cane Growth Modifier: 100%
[16:19:06] [Server thread/INFO]: Melon Growth Modifier: 100%
[16:19:06] [Server thread/INFO]: Mushroom Growth Modifier: 100%
[16:19:06] [Server thread/INFO]: Pumpkin Growth Modifier: 100%
[16:19:06] [Server thread/INFO]: Sapling Growth Modifier: 100%
[16:19:06] [Server thread/INFO]: Beetroot Growth Modifier: 100%
[16:19:06] [Server thread/INFO]: Carrot Growth Modifier: 100%
[16:19:06] [Server thread/INFO]: Potato Growth Modifier: 100%
[16:19:06] [Server thread/INFO]: Wheat Growth Modifier: 100%
[16:19:06] [Server thread/INFO]: NetherWart Growth Modifier: 100%
[16:19:06] [Server thread/INFO]: Vine Growth Modifier: 100%
[16:19:06] [Server thread/INFO]: Cocoa Growth Modifier: 100%
[16:19:06] [Server thread/INFO]: Bamboo Growth Modifier: 100%
[16:19:06] [Server thread/INFO]: SweetBerry Growth Modifier: 100%
[16:19:06] [Server thread/INFO]: Kelp Growth Modifier: 100%
[16:19:06] [Server thread/INFO]: Entity Activation Range: An 16 / Mo 24 / Ra 48 / Mi 8 / Tiv false
[16:19:06] [Server thread/INFO]: Max TNT Explosions: 100
[16:19:06] [Server thread/INFO]: Tile Max Tick Time: 1000ms Entity max Tick Time: 1000ms
[16:19:06] [Server thread/INFO]: Experience Merge Radius: 6.0
[16:19:06] [Server thread/INFO]: Hopper Transfer: 8 Hopper Check: 1 Hopper Amount: 1
[16:19:06] [Server thread/INFO]: -------- World Settings For [world_nether] --------
[16:19:06] [Server thread/INFO]: Entity Tracking Range: Pl 48 / An 48 / Mo 48 / Mi 32 / Other 64
[16:19:06] [Server thread/INFO]: Allow Zombie Pigmen to spawn from portal blocks: true
[16:19:06] [Server thread/INFO]: Item Merge Radius: 4.0
[16:19:06] [Server thread/INFO]: Item Despawn Rate: 2500
[16:19:06] [Server thread/INFO]: View Distance: 7
[16:19:06] [Server thread/INFO]: Arrow Despawn Rate: 1200 Trident Respawn Rate:1200
[16:19:06] [Server thread/INFO]: Zombie Aggressive Towards Villager: true
[16:19:06] [Server thread/INFO]: Nerfing mobs spawned from spawners: true
[16:19:06] [Server thread/INFO]: Mob Spawn Range: 6
[16:19:06] [Server thread/INFO]: Custom Map Seeds:  Village: 10387312 Desert: 14357617 Igloo: 14357618 Jungle: 14357619 Swamp: 14357620 Monument: 10387313 Ocean: 14357621 Shipwreck: 165745295 End City: 10387313 Slime: 987234911 Bastion: 30084232 Fortress: 30084232 Mansion: 10387319 Fossil: 14357921 Portal: 34222645
[16:19:06] [Server thread/INFO]: Cactus Growth Modifier: 100%
[16:19:06] [Server thread/INFO]: Cane Growth Modifier: 100%
[16:19:06] [Server thread/INFO]: Melon Growth Modifier: 100%
[16:19:06] [Server thread/INFO]: Mushroom Growth Modifier: 100%
[16:19:06] [Server thread/INFO]: Pumpkin Growth Modifier: 100%
[16:19:06] [Server thread/INFO]: Sapling Growth Modifier: 100%
[16:19:06] [Server thread/INFO]: Beetroot Growth Modifier: 100%
[16:19:06] [Server thread/INFO]: Carrot Growth Modifier: 100%
[16:19:06] [Server thread/INFO]: Potato Growth Modifier: 100%
[16:19:06] [Server thread/INFO]: Wheat Growth Modifier: 100%
[16:19:06] [Server thread/INFO]: NetherWart Growth Modifier: 100%
[16:19:06] [Server thread/INFO]: Vine Growth Modifier: 100%
[16:19:06] [Server thread/INFO]: Cocoa Growth Modifier: 100%
[16:19:06] [Server thread/INFO]: Bamboo Growth Modifier: 100%
[16:19:06] [Server thread/INFO]: SweetBerry Growth Modifier: 100%
[16:19:06] [Server thread/INFO]: Kelp Growth Modifier: 100%
[16:19:06] [Server thread/INFO]: Entity Activation Range: An 16 / Mo 24 / Ra 48 / Mi 8 / Tiv false
[16:19:06] [Server thread/INFO]: Max TNT Explosions: 100
[16:19:06] [Server thread/INFO]: Tile Max Tick Time: 1000ms Entity max Tick Time: 1000ms
[16:19:06] [Server thread/INFO]: Experience Merge Radius: 6.0
[16:19:06] [Server thread/INFO]: Hopper Transfer: 8 Hopper Check: 1 Hopper Amount: 1
[16:19:06] [Server thread/INFO]: Preparing start region for dimension minecraft:overworld
[16:19:06] [Server thread/INFO]: Loaded 0 spawn chunks for world world
[16:19:06] [Server thread/INFO]: Time elapsed: 563 ms
[16:19:06] [Server thread/INFO]: Preparing start region for dimension minecraft:the_nether
[16:19:07] [Server thread/INFO]: Loaded 0 spawn chunks for world world_nether
[16:19:07] [Server thread/INFO]: Time elapsed: 35 ms
[16:19:07] [Server thread/INFO]: [HardcorePlus] Enabling HardcorePlus v1.0.0
[16:19:07] [Server thread/INFO]: [WorldBorder] Enabling WorldBorder v1.8.7*
[16:19:07] [Server thread/INFO]: [WorldBorder] [CONFIG] Using elliptic/round border, knockback of 3.0 blocks, and timer delay of 5.
[16:19:07] [Server thread/INFO]: [WorldBorder] [CONFIG] Border-checking timed task started.
[16:19:07] [Server thread/INFO]: [WorldBorder] For reference, the main world's spawn location is at X: -256.0 Y: 86.0 Z: 48.0
[16:19:07] [Server thread/INFO]: Running delayed init tasks
[16:19:07] [Server thread/INFO]: Done (10.842s)! For help, type "help"
[16:19:07] [Server thread/INFO]: Timings Reset
[16:19:20] [Server thread/INFO]: TPS from last 1m, 5m, 15m: 20.0, 20.0, 20.0
[16:19:32] [Server thread/INFO]: Unknown command. Type "/help" for help.
[16:19:39] [Server thread/INFO]: Unknown command. Type "/help" for help.
[16:19:44] [Server thread/INFO]: TPS from last 1m, 5m, 15m: 20.0, 20.0, 20.0
[16:19:53] [Server thread/INFO]: Please wait at least 3 minutes before generating a Timings report. Unlike Timings v1, v2 benefits from longer timings and is not as useful with short timings. (134 seconds)
[16:20:13] [Server thread/INFO]: Please wait at least 3 minutes before generating a Timings report. Unlike Timings v1, v2 benefits from longer timings and is not as useful with short timings. (113 seconds)
[16:20:20] [Server thread/INFO]: Stopping the server
[16:20:20] [Server thread/INFO]: Stopping server
[16:20:20] [Server thread/INFO]: [WorldBorder] Disabling WorldBorder v1.8.7
[16:20:20] [Server thread/INFO]: [WorldBorder] [CONFIG] Border-checking timed task stopped.
[16:20:20] [Server thread/INFO]: [HardcorePlus] Disabling HardcorePlus v1.0.0
[16:20:20] [Server thread/INFO]: Saving players
[16:20:20] [Server thread/INFO]: Saving worlds
[16:20:20] [Server thread/INFO]: Saving chunks for level 'ServerLevel[world]'/minecraft:overworld
[16:20:21] [Server thread/INFO]: ThreadedAnvilChunkStorage (world): All chunks are saved
[16:20:21] [Server thread/INFO]: Saving chunks for level 'ServerLevel[world_nether]'/minecraft:the_nether
[16:20:23] [Server thread/INFO]: ThreadedAnvilChunkStorage (DIM-1): All chunks are saved
[16:20:23] [Server thread/INFO]: ThreadedAnvilChunkStorage (world): All chunks are saved
[16:20:24] [Server thread/INFO]: ThreadedAnvilChunkStorage (DIM-1): All chunks are saved
[16:20:24] [Server thread/INFO]: Saving usercache.json
[16:20:24] [Server thread/INFO]: Flushing Chunk IO
[16:20:24] [Server thread/INFO]: Closing Thread Pool
[16:20:24] [Server thread/INFO]: Closing Server
